<?xml version="1.0" encoding="UTF-8"?>
<testng-results skipped="0" failed="0" ignored="0" total="2" passed="2">
  <reporter-output>
  </reporter-output>
  <suite name="Default suite" duration-ms="11948" started-at="2022-06-10T08:09:12Z" finished-at="2022-06-10T08:09:23Z">
    <groups>
    </groups>
    <test name="Default test" duration-ms="11948" started-at="2022-06-10T08:09:12Z" finished-at="2022-06-10T08:09:23Z">
      <class name="org.com.DataPro">
        <test-method status="PASS" signature="tc0(java.lang.String, java.lang.String)[pri:0, instance:org.com.DataPro@239963d8]" name="tc0" duration-ms="6662" started-at="2022-06-10T08:09:12Z" data-provider="login" finished-at="2022-06-10T08:09:18Z">
          <params>
            <param index="0">
              <value>
                <![CDATA[vijy]]>
              </value>
            </param>
            <param index="1">
              <value>
                <![CDATA[vijy]]>
              </value>
            </param>
          </params>
          <reporter-output>
          </reporter-output>
        </test-method> <!-- tc0 -->
        <test-method status="PASS" signature="tc0(java.lang.String, java.lang.String)[pri:0, instance:org.com.DataPro@239963d8]" name="tc0" duration-ms="5225" started-at="2022-06-10T08:09:18Z" data-provider="login" finished-at="2022-06-10T08:09:23Z">
          <params>
            <param index="0">
              <value>
                <![CDATA[123]]>
              </value>
            </param>
            <param index="1">
              <value>
                <![CDATA[12324252353523]]>
              </value>
            </param>
          </params>
          <reporter-output>
          </reporter-output>
        </test-method> <!-- tc0 -->
      </class> <!-- org.com.DataPro -->
    </test> <!-- Default test -->
  </suite> <!-- Default suite -->
</testng-results>
